{"name": "Проверяем, что при создании нового заказа счётчик \"Выполнено за сегодня\" увеличивается", "status": "failed", "statusDetails": {"message": "AssertionError: assert '800' < '800'", "trace": "self = <tests.test_feed.TestFeed object at 0x000001CF1AE991F0>, driver = <selenium.webdriver.firefox.webdriver.WebDriver (session=\"772cbb7d-883d-4c86-8ca3-1dfee5b882da\")>\ncreate_user = {'email': 'amberfox@example.org', 'name': 'Matthew Murphy', 'password': 'w+9E2TyT_Q'}\n\n    @allure.title('Проверяем, что при создании нового заказа счётчик \"Выполнено за сегодня\" увеличивается')\n    @allure.description('Пользователь создаёт новый заказ и проверяет, что счётчик за сегодня увеличился')\n    def test_for_today(self, driver, create_user):\n        feed_page = FeedPage(driver)\n        feed_page.go_to_feed_page()\n        counter_before = feed_page.find_for_today()\n        main_page = MainPage(driver)\n        main_page.click_personal_account()\n        login_page = LoginPage(driver)\n        login_page.auth_user(create_user)\n        main_page.add_ingredient()\n        main_page.click_create_order()\n        main_page.find_order_modal_box()\n        main_page.close_order_box()\n        main_page.click_feed_button()\n        counter_after = feed_page.find_for_today()\n>       assert counter_before < counter_after\nE       AssertionError: assert '800' < '800'\n\ntests\\test_feed.py:74: AssertionError"}, "description": "Пользователь создаёт новый заказ и проверяет, что счётчик за сегодня увеличился", "steps": [{"name": "Переход на страницу \"Лента заказов\"", "status": "passed", "steps": [{"name": "Перейти по адресу", "status": "passed", "parameters": [{"name": "url", "value": "'https://stellarburgers.nomoreparties.site/feed'"}], "start": 1723739259906, "stop": 1723739261123}], "start": 1723739259906, "stop": 1723739261123}, {"name": "Найти количество заказов за сегодня", "status": "passed", "start": 1723739261123, "stop": 1723739261215}, {"name": "Нажать на \"Личный Кабинет\"", "status": "passed", "start": 1723739261215, "stop": 1723739261472}, {"name": "Войти в профиль", "status": "passed", "steps": [{"name": "Ввести почту", "status": "passed", "parameters": [{"name": "email", "value": "'amberfox@example.org'"}], "start": 1723739261472, "stop": 1723739261524}, {"name": "Ввести пароль", "status": "passed", "parameters": [{"name": "password", "value": "'w+9E2TyT_Q'"}], "start": 1723739261524, "stop": 1723739261538}, {"name": "Нажать на кнопку \"Вход\"", "status": "passed", "start": 1723739261538, "stop": 1723739261778}], "parameters": [{"name": "create_user", "value": "{'email': 'amberfox@example.org', 'password': 'w+9E2TyT_Q', 'name': 'Matthew Murphy'}"}], "start": 1723739261472, "stop": 1723739261791}, {"name": "Перетащить ингредиент", "status": "passed", "steps": [{"name": "Перетянуть элемент", "status": "passed", "parameters": [{"name": "locator_from", "value": "('xpath', '//img[@alt=\"Флюоресцентная булка R2-D3\"]')"}, {"name": "locator_to", "value": "('xpath', '//div[contains (@class, \"constructor-element_pos_bottom\")]')"}], "start": 1723739261791, "stop": 1723739262368}], "start": 1723739261791, "stop": 1723739262368}, {"name": "Нажать на кнопку \"Оформить заказ\"", "status": "passed", "start": 1723739262369, "stop": 1723739262588}, {"name": "Найти модальное окно после оформления заказа", "status": "passed", "start": 1723739262588, "stop": 1723739262598}, {"name": "Закрыть окно заказа", "status": "passed", "start": 1723739262598, "stop": 1723739263348}, {"name": "Нажать на кнопку \"Лента заказов\"", "status": "passed", "start": 1723739263348, "stop": 1723739264089}, {"name": "Найти количество заказов за сегодня", "status": "passed", "start": 1723739264089, "stop": 1723739264099}], "parameters": [{"name": "driver", "value": "'firefox'"}], "start": 1723739259906, "stop": 1723739264100, "uuid": "a05b1d5a-78e1-40ed-bc3d-7362c6a86918", "historyId": "7c8451a201be8470e70fe86ae4033828", "testCaseId": "f8e13febd19c19c803f8d3cc32e00597", "fullName": "tests.test_feed.TestFeed#test_for_today", "labels": [{"name": "parentSuite", "value": "tests"}, {"name": "suite", "value": "test_feed"}, {"name": "subSuite", "value": "TestFeed"}, {"name": "host", "value": "DESKTOP-LQ0DQPC"}, {"name": "thread", "value": "19476-MainThread"}, {"name": "framework", "value": "pytest"}, {"name": "language", "value": "cpython3"}, {"name": "package", "value": "tests.test_feed"}]}